

CmdLine:	C:\Users\U\Dropbox\Lavoro\ROOTG\ROOTG.exe --l4j-debug
WOW64:		yes
Check launcher:	 (n/a)
64-bit search:	SOFTWARE\JavaSoft\Java Runtime Environment...
Match:		SOFTWARE\JavaSoft\Java Runtime Environment\1.8
Match:		SOFTWARE\JavaSoft\Java Runtime Environment\1.8.0_45
Using 64-bit runtime.
64-bit search:	SOFTWARE\JavaSoft\Java Development Kit...
Ignore:		SOFTWARE\JavaSoft\Java Development Kit\1.8
Ignore:		SOFTWARE\JavaSoft\Java Development Kit\1.8.0_45
Using 64-bit runtime.
Check launcher:	C:\Program Files\Java\jre1.8.0_45\bin\javaw.exe (OK)
Launcher:	C:\Program Files\Java\jre1.8.0_45\bin\javaw.exe
Launcher args:	-jar "C:\Users\U\Dropbox\Lavoro\ROOTG\ROOTG.exe"
Args length:	48/32768 chars
Exit code:	0


CmdLine:	C:\Users\U\Dropbox\Lavoro\ROOTG\ROOTG.exe --l4j-debug
WOW64:		yes
Check launcher:	 (n/a)
64-bit search:	SOFTWARE\JavaSoft\Java Runtime Environment...
Match:		SOFTWARE\JavaSoft\Java Runtime Environment\1.8
Match:		SOFTWARE\JavaSoft\Java Runtime Environment\1.8.0_45
Using 64-bit runtime.
64-bit search:	SOFTWARE\JavaSoft\Java Development Kit...
Ignore:		SOFTWARE\JavaSoft\Java Development Kit\1.8
Ignore:		SOFTWARE\JavaSoft\Java Development Kit\1.8.0_45
Using 64-bit runtime.
Check launcher:	C:\Program Files\Java\jre1.8.0_45\bin\javaw.exe (OK)
Launcher:	C:\Program Files\Java\jre1.8.0_45\bin\javaw.exe
Launcher args:	-jar "C:\Users\U\Dropbox\Lavoro\ROOTG\ROOTG.exe"
Args length:	48/32768 chars
Exit code:	0


CmdLine:	C:\Users\U\Dropbox\Lavoro\ROOTG\ROOTG.exe --l4j-debug
WOW64:		yes
Check launcher:	 (n/a)
64-bit search:	SOFTWARE\JavaSoft\Java Runtime Environment...
Match:		SOFTWARE\JavaSoft\Java Runtime Environment\1.8
Match:		SOFTWARE\JavaSoft\Java Runtime Environment\1.8.0_45
Using 64-bit runtime.
64-bit search:	SOFTWARE\JavaSoft\Java Development Kit...
Ignore:		SOFTWARE\JavaSoft\Java Development Kit\1.8
Ignore:		SOFTWARE\JavaSoft\Java Development Kit\1.8.0_45
Using 64-bit runtime.
Check launcher:	C:\Program Files\Java\jre1.8.0_45\bin\javaw.exe (OK)
Launcher:	C:\Program Files\Java\jre1.8.0_45\bin\javaw.exe
Launcher args:	-jar "C:\Users\U\Dropbox\Lavoro\ROOTG\ROOTG.exe"
Args length:	48/32768 chars


CmdLine:	C:\Users\U\Dropbox\Lavoro\ROOTG\ROOTG.exe --l4j-debug
WOW64:		yes
Check launcher:	 (n/a)
64-bit search:	SOFTWARE\JavaSoft\Java Runtime Environment...
Match:		SOFTWARE\JavaSoft\Java Runtime Environment\1.8
Match:		SOFTWARE\JavaSoft\Java Runtime Environment\1.8.0_45
Using 64-bit runtime.
64-bit search:	SOFTWARE\JavaSoft\Java Development Kit...
Ignore:		SOFTWARE\JavaSoft\Java Development Kit\1.8
Ignore:		SOFTWARE\JavaSoft\Java Development Kit\1.8.0_45
Using 64-bit runtime.
Check launcher:	C:\Program Files\Java\jre1.8.0_45\bin\javaw.exe (OK)
Launcher:	C:\Program Files\Java\jre1.8.0_45\bin\javaw.exe
Launcher args:	-jar "C:\Users\U\Dropbox\Lavoro\ROOTG\ROOTG.exe"
Args length:	48/32768 chars


CmdLine:	C:\Users\U\Dropbox\Lavoro\ROOTG\ROOTG.exe --l4j-debug
WOW64:		yes
Check launcher:	 (n/a)
64-bit search:	SOFTWARE\JavaSoft\Java Runtime Environment...
Match:		SOFTWARE\JavaSoft\Java Runtime Environment\1.8
Match:		SOFTWARE\JavaSoft\Java Runtime Environment\1.8.0_45
Using 64-bit runtime.
64-bit search:	SOFTWARE\JavaSoft\Java Development Kit...
Ignore:		SOFTWARE\JavaSoft\Java Development Kit\1.8
Ignore:		SOFTWARE\JavaSoft\Java Development Kit\1.8.0_45
Using 64-bit runtime.
Check launcher:	C:\Program Files\Java\jre1.8.0_45\bin\javaw.exe (OK)
Launcher:	C:\Program Files\Java\jre1.8.0_45\bin\javaw.exe
Launcher args:	-jar "C:\Users\U\Dropbox\Lavoro\ROOTG\ROOTG.exe"
Args length:	48/32768 chars


CmdLine:	C:\Users\U\Dropbox\Lavoro\ROOTG\ROOTG.exe --l4j-debug
WOW64:		yes
Check launcher:	 (n/a)
64-bit search:	SOFTWARE\JavaSoft\Java Runtime Environment...
Match:		SOFTWARE\JavaSoft\Java Runtime Environment\1.8
Match:		SOFTWARE\JavaSoft\Java Runtime Environment\1.8.0_45
Using 64-bit runtime.
64-bit search:	SOFTWARE\JavaSoft\Java Development Kit...
Ignore:		SOFTWARE\JavaSoft\Java Development Kit\1.8
Ignore:		SOFTWARE\JavaSoft\Java Development Kit\1.8.0_45
Using 64-bit runtime.
Check launcher:	C:\Program Files\Java\jre1.8.0_45\bin\javaw.exe (OK)
Launcher:	C:\Program Files\Java\jre1.8.0_45\bin\javaw.exe
Launcher args:	-jar "C:\Users\U\Dropbox\Lavoro\ROOTG\ROOTG.exe"
Args length:	48/32768 chars
Exit code:	0


CmdLine:	C:\Users\U\Dropbox\Lavoro\ROOTG\ROOTG.exe --l4j-debug
WOW64:		yes
Check launcher:	 (n/a)
64-bit search:	SOFTWARE\JavaSoft\Java Runtime Environment...
Match:		SOFTWARE\JavaSoft\Java Runtime Environment\1.8
Match:		SOFTWARE\JavaSoft\Java Runtime Environment\1.8.0_45
Using 64-bit runtime.
64-bit search:	SOFTWARE\JavaSoft\Java Development Kit...
Ignore:		SOFTWARE\JavaSoft\Java Development Kit\1.8
Ignore:		SOFTWARE\JavaSoft\Java Development Kit\1.8.0_45
Using 64-bit runtime.
Check launcher:	C:\Program Files\Java\jre1.8.0_45\bin\javaw.exe (OK)
Launcher:	C:\Program Files\Java\jre1.8.0_45\bin\javaw.exe
Launcher args:	-jar "C:\Users\U\Dropbox\Lavoro\ROOTG\ROOTG.exe"
Args length:	48/32768 chars


CmdLine:	C:\Users\U\Dropbox\Lavoro\ROOTG\ROOTG.exe --l4j-debug
WOW64:		yes
Check launcher:	 (n/a)
64-bit search:	SOFTWARE\JavaSoft\Java Runtime Environment...
Match:		SOFTWARE\JavaSoft\Java Runtime Environment\1.8
Match:		SOFTWARE\JavaSoft\Java Runtime Environment\1.8.0_45
Using 64-bit runtime.
64-bit search:	SOFTWARE\JavaSoft\Java Development Kit...
Ignore:		SOFTWARE\JavaSoft\Java Development Kit\1.8
Ignore:		SOFTWARE\JavaSoft\Java Development Kit\1.8.0_45
Using 64-bit runtime.
Check launcher:	C:\Program Files\Java\jre1.8.0_45\bin\javaw.exe (OK)
Launcher:	C:\Program Files\Java\jre1.8.0_45\bin\javaw.exe
Launcher args:	-jar "C:\Users\U\Dropbox\Lavoro\ROOTG\ROOTG.exe"
Args length:	48/32768 chars


CmdLine:	C:\Users\U\Dropbox\Lavoro\ROOTG\ROOTG.exe --l4j-debug
WOW64:		yes
Check launcher:	 (n/a)
64-bit search:	SOFTWARE\JavaSoft\Java Runtime Environment...
Match:		SOFTWARE\JavaSoft\Java Runtime Environment\1.8
Match:		SOFTWARE\JavaSoft\Java Runtime Environment\1.8.0_45
Using 64-bit runtime.
64-bit search:	SOFTWARE\JavaSoft\Java Development Kit...
Ignore:		SOFTWARE\JavaSoft\Java Development Kit\1.8
Ignore:		SOFTWARE\JavaSoft\Java Development Kit\1.8.0_45
Using 64-bit runtime.
Check launcher:	C:\Program Files\Java\jre1.8.0_45\bin\javaw.exe (OK)
Launcher:	C:\Program Files\Java\jre1.8.0_45\bin\javaw.exe
Launcher args:	-jar "C:\Users\U\Dropbox\Lavoro\ROOTG\ROOTG.exe"
Args length:	48/32768 chars


CmdLine:	C:\Users\U\Dropbox\Lavoro\ROOTG\ROOTG.exe --l4j-debug
WOW64:		yes
Check launcher:	 (n/a)
64-bit search:	SOFTWARE\JavaSoft\Java Runtime Environment...
Match:		SOFTWARE\JavaSoft\Java Runtime Environment\1.8
Match:		SOFTWARE\JavaSoft\Java Runtime Environment\1.8.0_45
Using 64-bit runtime.
64-bit search:	SOFTWARE\JavaSoft\Java Development Kit...
Ignore:		SOFTWARE\JavaSoft\Java Development Kit\1.8
Ignore:		SOFTWARE\JavaSoft\Java Development Kit\1.8.0_45
Using 64-bit runtime.
Check launcher:	C:\Program Files\Java\jre1.8.0_45\bin\javaw.exe (OK)
Launcher:	C:\Program Files\Java\jre1.8.0_45\bin\javaw.exe
Launcher args:	-jar "C:\Users\U\Dropbox\Lavoro\ROOTG\ROOTG.exe"
Args length:	48/32768 chars
Exit code:	0


CmdLine:	C:\Users\U\Dropbox\Lavoro\ROOTG\ROOTG.exe --l4j-debug
WOW64:		yes
Check launcher:	 (n/a)
64-bit search:	SOFTWARE\JavaSoft\Java Runtime Environment...
Match:		SOFTWARE\JavaSoft\Java Runtime Environment\1.8
Match:		SOFTWARE\JavaSoft\Java Runtime Environment\1.8.0_45
Using 64-bit runtime.
64-bit search:	SOFTWARE\JavaSoft\Java Development Kit...
Ignore:		SOFTWARE\JavaSoft\Java Development Kit\1.8
Ignore:		SOFTWARE\JavaSoft\Java Development Kit\1.8.0_45
Using 64-bit runtime.
Check launcher:	C:\Program Files\Java\jre1.8.0_45\bin\javaw.exe (OK)
Launcher:	C:\Program Files\Java\jre1.8.0_45\bin\javaw.exe
Launcher args:	-jar "C:\Users\U\Dropbox\Lavoro\ROOTG\ROOTG.exe"
Args length:	48/32768 chars
Exit code:	0


CmdLine:	C:\Users\U\Dropbox\Lavoro\ROOTG\ROOTG.exe --l4j-debug
WOW64:		yes
Check launcher:	 (n/a)
64-bit search:	SOFTWARE\JavaSoft\Java Runtime Environment...
Match:		SOFTWARE\JavaSoft\Java Runtime Environment\1.8
Match:		SOFTWARE\JavaSoft\Java Runtime Environment\1.8.0_45
Using 64-bit runtime.
64-bit search:	SOFTWARE\JavaSoft\Java Development Kit...
Ignore:		SOFTWARE\JavaSoft\Java Development Kit\1.8
Ignore:		SOFTWARE\JavaSoft\Java Development Kit\1.8.0_45
Using 64-bit runtime.
Check launcher:	C:\Program Files\Java\jre1.8.0_45\bin\javaw.exe (OK)
Launcher:	C:\Program Files\Java\jre1.8.0_45\bin\javaw.exe
Launcher args:	-jar "C:\Users\U\Dropbox\Lavoro\ROOTG\ROOTG.exe"
Args length:	48/32768 chars
Exit code:	0


CmdLine:	C:\Users\U\Dropbox\Lavoro\ROOTG\ROOTG.exe --l4j-debug
WOW64:		yes
Check launcher:	 (n/a)
64-bit search:	SOFTWARE\JavaSoft\Java Runtime Environment...
Match:		SOFTWARE\JavaSoft\Java Runtime Environment\1.8
Match:		SOFTWARE\JavaSoft\Java Runtime Environment\1.8.0_45
Using 64-bit runtime.
64-bit search:	SOFTWARE\JavaSoft\Java Development Kit...
Ignore:		SOFTWARE\JavaSoft\Java Development Kit\1.8
Ignore:		SOFTWARE\JavaSoft\Java Development Kit\1.8.0_45
Using 64-bit runtime.
Check launcher:	C:\Program Files\Java\jre1.8.0_45\bin\javaw.exe (OK)
Launcher:	C:\Program Files\Java\jre1.8.0_45\bin\javaw.exe
Launcher args:	-jar "C:\Users\U\Dropbox\Lavoro\ROOTG\ROOTG.exe"
Args length:	48/32768 chars
Exit code:	0


CmdLine:	C:\Users\U\Dropbox\Lavoro\ROOTG\ROOTG.exe --l4j-debug
WOW64:		yes
Check launcher:	 (n/a)
64-bit search:	SOFTWARE\JavaSoft\Java Runtime Environment...
Match:		SOFTWARE\JavaSoft\Java Runtime Environment\1.8
Match:		SOFTWARE\JavaSoft\Java Runtime Environment\1.8.0_45
Using 64-bit runtime.
64-bit search:	SOFTWARE\JavaSoft\Java Development Kit...
Ignore:		SOFTWARE\JavaSoft\Java Development Kit\1.8
Ignore:		SOFTWARE\JavaSoft\Java Development Kit\1.8.0_45
Using 64-bit runtime.
Check launcher:	C:\Program Files\Java\jre1.8.0_45\bin\javaw.exe (OK)
Launcher:	C:\Program Files\Java\jre1.8.0_45\bin\javaw.exe
Launcher args:	-jar "C:\Users\U\Dropbox\Lavoro\ROOTG\ROOTG.exe"
Args length:	48/32768 chars
Exit code:	0


CmdLine:	C:\Users\U\Dropbox\Lavoro\ROOTG\ROOTG.exe --l4j-debug
WOW64:		yes
Check launcher:	 (n/a)
64-bit search:	SOFTWARE\JavaSoft\Java Runtime Environment...
Match:		SOFTWARE\JavaSoft\Java Runtime Environment\1.8
Match:		SOFTWARE\JavaSoft\Java Runtime Environment\1.8.0_45
Using 64-bit runtime.
64-bit search:	SOFTWARE\JavaSoft\Java Development Kit...
Ignore:		SOFTWARE\JavaSoft\Java Development Kit\1.8
Ignore:		SOFTWARE\JavaSoft\Java Development Kit\1.8.0_45
Using 64-bit runtime.
Check launcher:	C:\Program Files\Java\jre1.8.0_45\bin\javaw.exe (OK)
Launcher:	C:\Program Files\Java\jre1.8.0_45\bin\javaw.exe
Launcher args:	-jar "C:\Users\U\Dropbox\Lavoro\ROOTG\ROOTG.exe"
Args length:	48/32768 chars
Exit code:	0


CmdLine:	C:\Users\U\Dropbox\Lavoro\ROOTG\ROOTG.exe --l4j-debug
WOW64:		yes
Check launcher:	 (n/a)
64-bit search:	SOFTWARE\JavaSoft\Java Runtime Environment...
Match:		SOFTWARE\JavaSoft\Java Runtime Environment\1.8
Match:		SOFTWARE\JavaSoft\Java Runtime Environment\1.8.0_45
Using 64-bit runtime.
64-bit search:	SOFTWARE\JavaSoft\Java Development Kit...
Ignore:		SOFTWARE\JavaSoft\Java Development Kit\1.8
Ignore:		SOFTWARE\JavaSoft\Java Development Kit\1.8.0_45
Using 64-bit runtime.
Check launcher:	C:\Program Files\Java\jre1.8.0_45\bin\javaw.exe (OK)
Launcher:	C:\Program Files\Java\jre1.8.0_45\bin\javaw.exe
Launcher args:	-jar "C:\Users\U\Dropbox\Lavoro\ROOTG\ROOTG.exe"
Args length:	48/32768 chars
Exit code:	0


Version:	3.8
CmdLine:	D:\Dropbox\Home-Work Tunnel\ROOTG\ROOTG.exe --l4j-debug
WOW64:		yes
64-bit search:	SOFTWARE\JavaSoft\Java Runtime Environment...
Check:		SOFTWARE\JavaSoft\Java Runtime Environment\1.8
Check launcher:	C:\Program Files\Java\jre1.8.0_60\bin\javaw.exe (OK)
Match:		1.8
Check:		SOFTWARE\JavaSoft\Java Runtime Environment\1.8.0_60
Check launcher:	C:\Program Files\Java\jre1.8.0_60\bin\javaw.exe (OK)
Match:		1.8.0_60
64-bit search:	SOFTWARE\JavaSoft\Java Development Kit...
Check:		SOFTWARE\JavaSoft\Java Development Kit\1.7
Ignore:		1.7
Check:		SOFTWARE\JavaSoft\Java Development Kit\1.7.0_75
Ignore:		1.7.0_75
Runtime used:	1.8.0_60 (64-bit)
Launcher:	C:\Program Files\Java\jre1.8.0_60\bin\javaw.exe
Launcher args:	-jar "D:\Dropbox\Home-Work Tunnel\ROOTG\ROOTG.exe"
Args length:	50/32768 chars
Exit code:	0


Version:	3.8
CmdLine:	D:\Dropbox\Home-Work Tunnel\ROOTG\ROOTG.exe --l4j-debug
WOW64:		yes
64-bit search:	SOFTWARE\JavaSoft\Java Runtime Environment...
Check:		SOFTWARE\JavaSoft\Java Runtime Environment\1.8
Check launcher:	C:\Program Files\Java\jre1.8.0_60\bin\javaw.exe (OK)
Match:		1.8
Check:		SOFTWARE\JavaSoft\Java Runtime Environment\1.8.0_60
Check launcher:	C:\Program Files\Java\jre1.8.0_60\bin\javaw.exe (OK)
Match:		1.8.0_60
64-bit search:	SOFTWARE\JavaSoft\Java Development Kit...
Check:		SOFTWARE\JavaSoft\Java Development Kit\1.7
Ignore:		1.7
Check:		SOFTWARE\JavaSoft\Java Development Kit\1.7.0_75
Ignore:		1.7.0_75
Runtime used:	1.8.0_60 (64-bit)
Launcher:	C:\Program Files\Java\jre1.8.0_60\bin\javaw.exe
Launcher args:	-jar "D:\Dropbox\Home-Work Tunnel\ROOTG\ROOTG.exe"
Args length:	50/32768 chars
Exit code:	0


CmdLine:	C:\Users\U\Dropbox\Lavoro\ROOTG\ROOTG.exe --l4j-debug
WOW64:		yes
Check launcher:	 (n/a)
64-bit search:	SOFTWARE\JavaSoft\Java Runtime Environment...
Match:		SOFTWARE\JavaSoft\Java Runtime Environment\1.8
Match:		SOFTWARE\JavaSoft\Java Runtime Environment\1.8.0_45
Using 64-bit runtime.
64-bit search:	SOFTWARE\JavaSoft\Java Development Kit...
Ignore:		SOFTWARE\JavaSoft\Java Development Kit\1.8
Ignore:		SOFTWARE\JavaSoft\Java Development Kit\1.8.0_45
Using 64-bit runtime.
Check launcher:	C:\Program Files\Java\jre1.8.0_45\bin\javaw.exe (OK)
Launcher:	C:\Program Files\Java\jre1.8.0_45\bin\javaw.exe
Launcher args:	-jar "C:\Users\U\Dropbox\Lavoro\ROOTG\ROOTG.exe"
Args length:	48/32768 chars
Exit code:	0


CmdLine:	C:\Users\U\Dropbox\Lavoro\ROOTG\ROOTG.exe --l4j-debug
WOW64:		yes
Check launcher:	 (n/a)
64-bit search:	SOFTWARE\JavaSoft\Java Runtime Environment...
Match:		SOFTWARE\JavaSoft\Java Runtime Environment\1.8
Match:		SOFTWARE\JavaSoft\Java Runtime Environment\1.8.0_45
Using 64-bit runtime.
64-bit search:	SOFTWARE\JavaSoft\Java Development Kit...
Ignore:		SOFTWARE\JavaSoft\Java Development Kit\1.8
Ignore:		SOFTWARE\JavaSoft\Java Development Kit\1.8.0_45
Using 64-bit runtime.
Check launcher:	C:\Program Files\Java\jre1.8.0_45\bin\javaw.exe (OK)
Launcher:	C:\Program Files\Java\jre1.8.0_45\bin\javaw.exe
Launcher args:	-jar "C:\Users\U\Dropbox\Lavoro\ROOTG\ROOTG.exe"
Args length:	48/32768 chars
Exit code:	0


CmdLine:	C:\Users\U\Dropbox\Lavoro\ROOTG\ROOTG.exe --l4j-debug
WOW64:		yes
Check launcher:	 (n/a)
64-bit search:	SOFTWARE\JavaSoft\Java Runtime Environment...
Match:		SOFTWARE\JavaSoft\Java Runtime Environment\1.8
Match:		SOFTWARE\JavaSoft\Java Runtime Environment\1.8.0_45
Using 64-bit runtime.
64-bit search:	SOFTWARE\JavaSoft\Java Development Kit...
Ignore:		SOFTWARE\JavaSoft\Java Development Kit\1.8
Ignore:		SOFTWARE\JavaSoft\Java Development Kit\1.8.0_45
Using 64-bit runtime.
Check launcher:	C:\Program Files\Java\jre1.8.0_45\bin\javaw.exe (OK)
Launcher:	C:\Program Files\Java\jre1.8.0_45\bin\javaw.exe
Launcher args:	-jar "C:\Users\U\Dropbox\Lavoro\ROOTG\ROOTG.exe"
Args length:	48/32768 chars
Exit code:	0


CmdLine:	C:\Users\U\Dropbox\Lavoro\ROOTG\ROOTG.exe --l4j-debug
WOW64:		yes
Check launcher:	 (n/a)
64-bit search:	SOFTWARE\JavaSoft\Java Runtime Environment...
Match:		SOFTWARE\JavaSoft\Java Runtime Environment\1.8
Match:		SOFTWARE\JavaSoft\Java Runtime Environment\1.8.0_45
Using 64-bit runtime.
64-bit search:	SOFTWARE\JavaSoft\Java Development Kit...
Ignore:		SOFTWARE\JavaSoft\Java Development Kit\1.8
Ignore:		SOFTWARE\JavaSoft\Java Development Kit\1.8.0_45
Using 64-bit runtime.
Check launcher:	C:\Program Files\Java\jre1.8.0_45\bin\javaw.exe (OK)
Launcher:	C:\Program Files\Java\jre1.8.0_45\bin\javaw.exe
Launcher args:	-jar "C:\Users\U\Dropbox\Lavoro\ROOTG\ROOTG.exe"
Args length:	48/32768 chars
Exit code:	0


CmdLine:	C:\Users\U\Dropbox\Lavoro\ROOTG\ROOTG.exe --l4j-debug
WOW64:		yes
Check launcher:	 (n/a)
64-bit search:	SOFTWARE\JavaSoft\Java Runtime Environment...
Match:		SOFTWARE\JavaSoft\Java Runtime Environment\1.8
Match:		SOFTWARE\JavaSoft\Java Runtime Environment\1.8.0_45
Using 64-bit runtime.
64-bit search:	SOFTWARE\JavaSoft\Java Development Kit...
Ignore:		SOFTWARE\JavaSoft\Java Development Kit\1.8
Ignore:		SOFTWARE\JavaSoft\Java Development Kit\1.8.0_45
Using 64-bit runtime.
Check launcher:	C:\Program Files\Java\jre1.8.0_45\bin\javaw.exe (OK)
Launcher:	C:\Program Files\Java\jre1.8.0_45\bin\javaw.exe
Launcher args:	-jar "C:\Users\U\Dropbox\Lavoro\ROOTG\ROOTG.exe"
Args length:	48/32768 chars
Exit code:	0


CmdLine:	C:\Users\U\Dropbox\Lavoro\ROOTG\ROOTG.exe --l4j-debug
WOW64:		yes
Check launcher:	 (n/a)
64-bit search:	SOFTWARE\JavaSoft\Java Runtime Environment...
Match:		SOFTWARE\JavaSoft\Java Runtime Environment\1.8
Match:		SOFTWARE\JavaSoft\Java Runtime Environment\1.8.0_45
Using 64-bit runtime.
64-bit search:	SOFTWARE\JavaSoft\Java Development Kit...
Ignore:		SOFTWARE\JavaSoft\Java Development Kit\1.8
Ignore:		SOFTWARE\JavaSoft\Java Development Kit\1.8.0_45
Using 64-bit runtime.
Check launcher:	C:\Program Files\Java\jre1.8.0_45\bin\javaw.exe (OK)
Launcher:	C:\Program Files\Java\jre1.8.0_45\bin\javaw.exe
Launcher args:	-jar "C:\Users\U\Dropbox\Lavoro\ROOTG\ROOTG.exe"
Args length:	48/32768 chars
Exit code:	0


CmdLine:	C:\Users\U\Dropbox\Lavoro\ROOTG\ROOTG.exe --l4j-debug
WOW64:		yes
Check launcher:	 (n/a)
64-bit search:	SOFTWARE\JavaSoft\Java Runtime Environment...
Match:		SOFTWARE\JavaSoft\Java Runtime Environment\1.8
Match:		SOFTWARE\JavaSoft\Java Runtime Environment\1.8.0_45
Using 64-bit runtime.
64-bit search:	SOFTWARE\JavaSoft\Java Development Kit...
Ignore:		SOFTWARE\JavaSoft\Java Development Kit\1.8
Ignore:		SOFTWARE\JavaSoft\Java Development Kit\1.8.0_45
Using 64-bit runtime.
Check launcher:	C:\Program Files\Java\jre1.8.0_45\bin\javaw.exe (OK)
Launcher:	C:\Program Files\Java\jre1.8.0_45\bin\javaw.exe
Launcher args:	-jar "C:\Users\U\Dropbox\Lavoro\ROOTG\ROOTG.exe"
Args length:	48/32768 chars
Exit code:	0


CmdLine:	C:\Users\U\Dropbox\Lavoro\ROOTG\ROOTG.exe --l4j-debug
WOW64:		yes
Check launcher:	 (n/a)
64-bit search:	SOFTWARE\JavaSoft\Java Runtime Environment...
Match:		SOFTWARE\JavaSoft\Java Runtime Environment\1.8
Match:		SOFTWARE\JavaSoft\Java Runtime Environment\1.8.0_45
Using 64-bit runtime.
64-bit search:	SOFTWARE\JavaSoft\Java Development Kit...
Ignore:		SOFTWARE\JavaSoft\Java Development Kit\1.8
Ignore:		SOFTWARE\JavaSoft\Java Development Kit\1.8.0_45
Using 64-bit runtime.
Check launcher:	C:\Program Files\Java\jre1.8.0_45\bin\javaw.exe (OK)
Launcher:	C:\Program Files\Java\jre1.8.0_45\bin\javaw.exe
Launcher args:	-jar "C:\Users\U\Dropbox\Lavoro\ROOTG\ROOTG.exe"
Args length:	48/32768 chars
Exit code:	0


CmdLine:	C:\Users\U\Dropbox\Lavoro\ROOTG\ROOTG.exe --l4j-debug
WOW64:		yes
Check launcher:	 (n/a)
64-bit search:	SOFTWARE\JavaSoft\Java Runtime Environment...
Match:		SOFTWARE\JavaSoft\Java Runtime Environment\1.8
Match:		SOFTWARE\JavaSoft\Java Runtime Environment\1.8.0_45
Using 64-bit runtime.
64-bit search:	SOFTWARE\JavaSoft\Java Development Kit...
Ignore:		SOFTWARE\JavaSoft\Java Development Kit\1.8
Ignore:		SOFTWARE\JavaSoft\Java Development Kit\1.8.0_45
Using 64-bit runtime.
Check launcher:	C:\Program Files\Java\jre1.8.0_45\bin\javaw.exe (OK)
Launcher:	C:\Program Files\Java\jre1.8.0_45\bin\javaw.exe
Launcher args:	-jar "C:\Users\U\Dropbox\Lavoro\ROOTG\ROOTG.exe"
Args length:	48/32768 chars
Exit code:	0


CmdLine:	C:\Users\U\Dropbox\Lavoro\ROOTG\ROOTG.exe --l4j-debug
WOW64:		yes
Check launcher:	 (n/a)
64-bit search:	SOFTWARE\JavaSoft\Java Runtime Environment...
Match:		SOFTWARE\JavaSoft\Java Runtime Environment\1.8
Match:		SOFTWARE\JavaSoft\Java Runtime Environment\1.8.0_45
Using 64-bit runtime.
64-bit search:	SOFTWARE\JavaSoft\Java Development Kit...
Ignore:		SOFTWARE\JavaSoft\Java Development Kit\1.8
Ignore:		SOFTWARE\JavaSoft\Java Development Kit\1.8.0_45
Using 64-bit runtime.
Check launcher:	C:\Program Files\Java\jre1.8.0_45\bin\javaw.exe (OK)
Launcher:	C:\Program Files\Java\jre1.8.0_45\bin\javaw.exe
Launcher args:	-jar "C:\Users\U\Dropbox\Lavoro\ROOTG\ROOTG.exe"
Args length:	48/32768 chars
Exit code:	0


CmdLine:	C:\Users\U\Dropbox\Lavoro\ROOTG\ROOTG.exe --l4j-debug
WOW64:		yes
Check launcher:	 (n/a)
64-bit search:	SOFTWARE\JavaSoft\Java Runtime Environment...
Match:		SOFTWARE\JavaSoft\Java Runtime Environment\1.8
Match:		SOFTWARE\JavaSoft\Java Runtime Environment\1.8.0_45
Using 64-bit runtime.
64-bit search:	SOFTWARE\JavaSoft\Java Development Kit...
Ignore:		SOFTWARE\JavaSoft\Java Development Kit\1.8
Ignore:		SOFTWARE\JavaSoft\Java Development Kit\1.8.0_45
Using 64-bit runtime.
Check launcher:	C:\Program Files\Java\jre1.8.0_45\bin\javaw.exe (OK)
Launcher:	C:\Program Files\Java\jre1.8.0_45\bin\javaw.exe
Launcher args:	-jar "C:\Users\U\Dropbox\Lavoro\ROOTG\ROOTG.exe"
Args length:	48/32768 chars
Exit code:	0


Version:	3.8
CmdLine:	D:\Dropbox\Home-Work Tunnel\ROOTG\ROOTG.exe --l4j-debug
WOW64:		yes
64-bit search:	SOFTWARE\JavaSoft\Java Runtime Environment...
Check:		SOFTWARE\JavaSoft\Java Runtime Environment\1.8
Check launcher:	C:\Program Files\Java\jre1.8.0_60\bin\javaw.exe (OK)
Match:		1.8
Check:		SOFTWARE\JavaSoft\Java Runtime Environment\1.8.0_60
Check launcher:	C:\Program Files\Java\jre1.8.0_60\bin\javaw.exe (OK)
Match:		1.8.0_60
64-bit search:	SOFTWARE\JavaSoft\Java Development Kit...
Check:		SOFTWARE\JavaSoft\Java Development Kit\1.7
Ignore:		1.7
Check:		SOFTWARE\JavaSoft\Java Development Kit\1.7.0_75
Ignore:		1.7.0_75
Runtime used:	1.8.0_60 (64-bit)
Launcher:	C:\Program Files\Java\jre1.8.0_60\bin\javaw.exe
Launcher args:	-jar "D:\Dropbox\Home-Work Tunnel\ROOTG\ROOTG.exe"
Args length:	50/32768 chars
Exit code:	0


CmdLine:	C:\Users\U\Dropbox\Lavoro\ROOTG\ROOTG.exe --l4j-debug
WOW64:		yes
Check launcher:	 (n/a)
64-bit search:	SOFTWARE\JavaSoft\Java Runtime Environment...
Match:		SOFTWARE\JavaSoft\Java Runtime Environment\1.8
Match:		SOFTWARE\JavaSoft\Java Runtime Environment\1.8.0_45
Using 64-bit runtime.
64-bit search:	SOFTWARE\JavaSoft\Java Development Kit...
Ignore:		SOFTWARE\JavaSoft\Java Development Kit\1.8
Ignore:		SOFTWARE\JavaSoft\Java Development Kit\1.8.0_45
Using 64-bit runtime.
Check launcher:	C:\Program Files\Java\jre1.8.0_45\bin\javaw.exe (OK)
Launcher:	C:\Program Files\Java\jre1.8.0_45\bin\javaw.exe
Launcher args:	-jar "C:\Users\U\Dropbox\Lavoro\ROOTG\ROOTG.exe"
Args length:	48/32768 chars
Exit code:	0


CmdLine:	C:\Users\U\Dropbox\Lavoro\ROOTG\ROOTG.exe --l4j-debug
WOW64:		yes
Check launcher:	 (n/a)
64-bit search:	SOFTWARE\JavaSoft\Java Runtime Environment...
Match:		SOFTWARE\JavaSoft\Java Runtime Environment\1.8
Match:		SOFTWARE\JavaSoft\Java Runtime Environment\1.8.0_45
Using 64-bit runtime.
64-bit search:	SOFTWARE\JavaSoft\Java Development Kit...
Ignore:		SOFTWARE\JavaSoft\Java Development Kit\1.8
Ignore:		SOFTWARE\JavaSoft\Java Development Kit\1.8.0_45
Using 64-bit runtime.
Check launcher:	C:\Program Files\Java\jre1.8.0_45\bin\javaw.exe (OK)
Launcher:	C:\Program Files\Java\jre1.8.0_45\bin\javaw.exe
Launcher args:	-jar "C:\Users\U\Dropbox\Lavoro\ROOTG\ROOTG.exe"
Args length:	48/32768 chars
Exit code:	0


CmdLine:	C:\Users\U\Dropbox\Home-Work tunnel\ROOTG\ROOTG.exe --l4j-debug
WOW64:		yes
Check launcher:	 (n/a)
64-bit search:	SOFTWARE\JavaSoft\Java Runtime Environment...
Match:		SOFTWARE\JavaSoft\Java Runtime Environment\1.8
Match:		SOFTWARE\JavaSoft\Java Runtime Environment\1.8.0_45
Using 64-bit runtime.
64-bit search:	SOFTWARE\JavaSoft\Java Development Kit...
Ignore:		SOFTWARE\JavaSoft\Java Development Kit\1.8
Ignore:		SOFTWARE\JavaSoft\Java Development Kit\1.8.0_45
Using 64-bit runtime.
Check launcher:	C:\Program Files\Java\jre1.8.0_45\bin\javaw.exe (OK)
Launcher:	C:\Program Files\Java\jre1.8.0_45\bin\javaw.exe
Launcher args:	-jar "C:\Users\U\Dropbox\Home-Work tunnel\ROOTG\ROOTG.exe"
Args length:	58/32768 chars
Exit code:	0
